<?xml version="1.0" encoding="UTF-8"?>
<testng-results skipped="0" failed="0" ignored="0" total="1" passed="1">
  <reporter-output>
  </reporter-output>
  <suite name="InetBankingV1" duration-ms="11534" started-at="2022-02-24T23:45:55 IST" finished-at="2022-02-24T23:46:06 IST">
    <groups>
    </groups>
    <test name="BankingApp Test" duration-ms="11534" started-at="2022-02-24T23:45:55 IST" finished-at="2022-02-24T23:46:06 IST">
      <class name="com.inetBanking.testcases.TC_LoginTest_001">
        <test-method status="PASS" signature="setup(java.lang.String)[pri:0, instance:com.inetBanking.testcases.TC_LoginTest_001@7e0b0338]" name="setup" is-config="true" duration-ms="7037" started-at="2022-02-24T23:45:55 IST" finished-at="2022-02-24T23:46:02 IST">
          <params>
            <param index="0">
              <value>
                <![CDATA[chrome]]>
              </value>
            </param>
          </params>
          <reporter-output>
          </reporter-output>
        </test-method> <!-- setup -->
        <test-method status="PASS" signature="loginTest()[pri:0, instance:com.inetBanking.testcases.TC_LoginTest_001@7e0b0338]" name="loginTest" duration-ms="3566" started-at="2022-02-24T23:46:02 IST" finished-at="2022-02-24T23:46:05 IST">
          <reporter-output>
          </reporter-output>
        </test-method> <!-- loginTest -->
        <test-method status="PASS" signature="teardown()[pri:0, instance:com.inetBanking.testcases.TC_LoginTest_001@7e0b0338]" name="teardown" is-config="true" duration-ms="684" started-at="2022-02-24T23:46:05 IST" finished-at="2022-02-24T23:46:06 IST">
          <reporter-output>
          </reporter-output>
        </test-method> <!-- teardown -->
      </class> <!-- com.inetBanking.testcases.TC_LoginTest_001 -->
    </test> <!-- BankingApp Test -->
  </suite> <!-- InetBankingV1 -->
</testng-results>
